[INFO] Scanning for projects...
[WARNING] 
[WARNING] Some problems were encountered while building the effective model for nttdata.beca:ms-processor:jar:0.0.1-SNAPSHOT
[WARNING] 'build.plugins.plugin.version' for org.springframework.boot:spring-boot-maven-plugin is missing. @ line 80, column 21
[WARNING] 
[WARNING] It is highly recommended to fix these problems because they threaten the stability of your build.
[WARNING] 
[WARNING] For this reason, future Maven versions might no longer support building such malformed projects.
[WARNING] 
[INFO] 
[INFO] ---------------------< nttdata.beca:ms-processor >----------------------
[INFO] Building ms-processor 0.0.1-SNAPSHOT
[INFO]   from pom.xml
[INFO] --------------------------------[ jar ]---------------------------------
[INFO] 
[INFO] >>> spring-boot:4.1.0-M1:run (default-cli) > test-compile @ ms-processor >>>
[INFO] 
[INFO] --- resources:3.3.1:resources (default-resources) @ ms-processor ---
[INFO] Copying 1 resource from src\main\resources to target\classes
[INFO] 
[INFO] --- compiler:3.11.0:compile (default-compile) @ ms-processor ---
[INFO] Nothing to compile - all classes are up to date
[INFO] 
[INFO] --- resources:3.3.1:testResources (default-testResources) @ ms-processor ---
[INFO] Copying 1 resource from src\test\resources to target\test-classes
[INFO] 
[INFO] --- compiler:3.11.0:testCompile (default-testCompile) @ ms-processor ---
[INFO] Nothing to compile - all classes are up to date
[INFO] 
[INFO] <<< spring-boot:4.1.0-M1:run (default-cli) < test-compile @ ms-processor <<<
[INFO] 
[INFO] 
[INFO] --- spring-boot:4.1.0-M1:run (default-cli) @ ms-processor ---
[INFO] Attaching agents: []

  .   ____          _            __ _ _
 /\\ / ___'_ __ _ _(_)_ __  __ _ \ \ \ \
( ( )\___ | '_ | '_| | '_ \/ _` | \ \ \ \
 \\/  ___)| |_)| | | | | || (_| |  ) ) ) )
  '  |____| .__|_| |_|_| |_\__, | / / / /
 =========|_|==============|___/=/_/_/_/

 :: Spring Boot ::                (v4.0.1)

2026-01-29T20:04:36.097-03:00  INFO 34176 --- [ms-processor] [           main] n.p.julius.api.MsProcessorApplication    : Starting MsProcessorApplication using Java 21.0.9 with PID 34176 (C:\Users\isa\NTTData\ms-processor\target\classes started by isa in C:\Users\isa\NTTData\ms-processor)
2026-01-29T20:04:36.099-03:00 DEBUG 34176 --- [ms-processor] [           main] n.p.julius.api.MsProcessorApplication    : Running with Spring Boot v4.0.1, Spring v7.0.2
2026-01-29T20:04:36.100-03:00  INFO 34176 --- [ms-processor] [           main] n.p.julius.api.MsProcessorApplication    : The following 1 profile is active: "dev"
2026-01-29T20:04:36.993-03:00  INFO 34176 --- [ms-processor] [           main] o.s.cloud.context.scope.GenericScope     : BeanFactory id=f7a0fb00-7d1f-3a79-b1fb-efc717240d15
2026-01-29T20:04:37.277-03:00  INFO 34176 --- [ms-processor] [           main] o.s.boot.tomcat.TomcatWebServer          : Tomcat initialized with port 8080 (http)
2026-01-29T20:04:37.293-03:00  INFO 34176 --- [ms-processor] [           main] o.apache.catalina.core.StandardService   : Starting service [Tomcat]
2026-01-29T20:04:37.294-03:00  INFO 34176 --- [ms-processor] [           main] o.apache.catalina.core.StandardEngine    : Starting Servlet engine: [Apache Tomcat/11.0.15]
2026-01-29T20:04:37.356-03:00  INFO 34176 --- [ms-processor] [           main] b.w.c.s.WebApplicationContextInitializer : Root WebApplicationContext: initialization completed in 1214 ms
2026-01-29T20:04:38.067-03:00  WARN 34176 --- [ms-processor] [           main] .s.a.UserDetailsServiceAutoConfiguration : 

Using generated security password: 175c651f-9404-4012-9b5c-5449fe7139c4

This generated password is for development use only. Your security configuration must be updated before running your application in production.

2026-01-29T20:04:38.087-03:00  INFO 34176 --- [ms-processor] [           main] r$InitializeUserDetailsManagerConfigurer : Global AuthenticationManager configured with UserDetailsService bean with name inMemoryUserDetailsManager
2026-01-29T20:04:38.214-03:00  INFO 34176 --- [ms-processor] [           main] o.s.b.a.e.web.EndpointLinksResolver      : Exposing 1 endpoint beneath base path '/actuator'
2026-01-29T20:04:38.352-03:00  INFO 34176 --- [ms-processor] [           main] o.s.boot.tomcat.TomcatWebServer          : Tomcat started on port 8080 (http) with context path '/'
2026-01-29T20:04:38.391-03:00  INFO 34176 --- [ms-processor] [           main] o.a.kafka.common.config.AbstractConfig   : ConsumerConfig values: 
	allow.auto.create.topics = true
	auto.commit.interval.ms = 5000
	auto.offset.reset = latest
	bootstrap.servers = [host.docker.internal:9092]
	check.crcs = true
	client.dns.lookup = use_all_dns_ips
	client.id = consumer-processor-group-v7-1
	client.rack = 
	connections.max.idle.ms = 540000
	default.api.timeout.ms = 60000
	enable.auto.commit = false
	enable.metrics.push = true
	exclude.internal.topics = true
	fetch.max.bytes = 52428800
	fetch.max.wait.ms = 500
	fetch.min.bytes = 1
	group.id = processor-group-v7
	group.instance.id = null
	group.protocol = classic
	group.remote.assignor = null
	heartbeat.interval.ms = 3000
	interceptor.classes = []
	internal.leave.group.on.close = true
	internal.throw.on.fetch.stable.offset.unsupported = false
	isolation.level = read_uncommitted
	key.deserializer = class org.springframework.kafka.support.serializer.JacksonJsonDeserializer
	max.partition.fetch.bytes = 1048576
	max.poll.interval.ms = 300000
	max.poll.records = 500
	metadata.max.age.ms = 300000
	metadata.recovery.rebootstrap.trigger.ms = 300000
	metadata.recovery.strategy = rebootstrap
	metric.reporters = [org.apache.kafka.common.metrics.JmxReporter]
	metrics.num.samples = 2
	metrics.recording.level = INFO
	metrics.sample.window.ms = 30000
	partition.assignment.strategy = [class org.apache.kafka.clients.consumer.RangeAssignor, class org.apache.kafka.clients.consumer.CooperativeStickyAssignor]
	receive.buffer.bytes = 65536
	reconnect.backoff.max.ms = 1000
	reconnect.backoff.ms = 50
	request.timeout.ms = 30000
	retry.backoff.max.ms = 1000
	retry.backoff.ms = 100
	sasl.client.callback.handler.class = null
	sasl.jaas.config = null
	sasl.kerberos.kinit.cmd = /usr/bin/kinit
	sasl.kerberos.min.time.before.relogin = 60000
	sasl.kerberos.service.name = null
	sasl.kerberos.ticket.renew.jitter = 0.05
	sasl.kerberos.ticket.renew.window.factor = 0.8
	sasl.login.callback.handler.class = null
	sasl.login.class = null
	sasl.login.connect.timeout.ms = null
	sasl.login.read.timeout.ms = null
	sasl.login.refresh.buffer.seconds = 300
	sasl.login.refresh.min.period.seconds = 60
	sasl.login.refresh.window.factor = 0.8
	sasl.login.refresh.window.jitter = 0.05
	sasl.login.retry.backoff.max.ms = 10000
	sasl.login.retry.backoff.ms = 100
	sasl.mechanism = GSSAPI
	sasl.oauthbearer.assertion.algorithm = RS256
	sasl.oauthbearer.assertion.claim.aud = null
	sasl.oauthbearer.assertion.claim.exp.seconds = 300
	sasl.oauthbearer.assertion.claim.iss = null
	sasl.oauthbearer.assertion.claim.jti.include = false
	sasl.oauthbearer.assertion.claim.nbf.seconds = 60
	sasl.oauthbearer.assertion.claim.sub = null
	sasl.oauthbearer.assertion.file = null
	sasl.oauthbearer.assertion.private.key.file = null
	sasl.oauthbearer.assertion.private.key.passphrase = null
	sasl.oauthbearer.assertion.template.file = null
	sasl.oauthbearer.client.credentials.client.id = null
	sasl.oauthbearer.client.credentials.client.secret = null
	sasl.oauthbearer.clock.skew.seconds = 30
	sasl.oauthbearer.expected.audience = null
	sasl.oauthbearer.expected.issuer = null
	sasl.oauthbearer.header.urlencode = false
	sasl.oauthbearer.jwks.endpoint.refresh.ms = 3600000
	sasl.oauthbearer.jwks.endpoint.retry.backoff.max.ms = 10000
	sasl.oauthbearer.jwks.endpoint.retry.backoff.ms = 100
	sasl.oauthbearer.jwks.endpoint.url = null
	sasl.oauthbearer.jwt.retriever.class = class org.apache.kafka.common.security.oauthbearer.DefaultJwtRetriever
	sasl.oauthbearer.jwt.validator.class = class org.apache.kafka.common.security.oauthbearer.DefaultJwtValidator
	sasl.oauthbearer.scope = null
	sasl.oauthbearer.scope.claim.name = scope
	sasl.oauthbearer.sub.claim.name = sub
	sasl.oauthbearer.token.endpoint.url = null
	security.protocol = PLAINTEXT
	security.providers = null
	send.buffer.bytes = 131072
	session.timeout.ms = 45000
	share.acknowledgement.mode = implicit
	socket.connection.setup.timeout.max.ms = 30000
	socket.connection.setup.timeout.ms = 10000
	ssl.cipher.suites = null
	ssl.enabled.protocols = [TLSv1.2, TLSv1.3]
	ssl.endpoint.identification.algorithm = https
	ssl.engine.factory.class = null
	ssl.key.password = null
	ssl.keymanager.algorithm = SunX509
	ssl.keystore.certificate.chain = null
	ssl.keystore.key = null
	ssl.keystore.location = null
	ssl.keystore.password = null
	ssl.keystore.type = JKS
	ssl.protocol = TLSv1.3
	ssl.provider = null
	ssl.secure.random.implementation = null
	ssl.trustmanager.algorithm = PKIX
	ssl.truststore.certificates = null
	ssl.truststore.location = null
	ssl.truststore.password = null
	ssl.truststore.type = JKS
	value.deserializer = class org.springframework.kafka.support.serializer.JacksonJsonDeserializer

2026-01-29T20:04:38.422-03:00  INFO 34176 --- [ms-processor] [           main] o.a.k.c.t.i.KafkaMetricsCollector        : initializing Kafka metrics collector
2026-01-29T20:04:38.523-03:00  INFO 34176 --- [ms-processor] [           main] o.a.kafka.common.utils.AppInfoParser     : Kafka version: 4.1.1
2026-01-29T20:04:38.523-03:00  INFO 34176 --- [ms-processor] [           main] o.a.kafka.common.utils.AppInfoParser     : Kafka commitId: be816b82d25370ce
2026-01-29T20:04:38.523-03:00  INFO 34176 --- [ms-processor] [           main] o.a.kafka.common.utils.AppInfoParser     : Kafka startTimeMs: 1769727878522
2026-01-29T20:04:38.525-03:00  INFO 34176 --- [ms-processor] [           main] o.a.k.c.c.i.ClassicKafkaConsumer         : [Consumer clientId=consumer-processor-group-v7-1, groupId=processor-group-v7] Subscribed to topic(s): transaction-events
2026-01-29T20:04:38.537-03:00  INFO 34176 --- [ms-processor] [           main] n.p.julius.api.MsProcessorApplication    : Started MsProcessorApplication in 2.796 seconds (process running for 3.346)
2026-01-29T20:04:38.542-03:00  WARN 34176 --- [ms-processor] [           main] o.s.core.events.SpringDocAppInitializer  : SpringDoc /v3/api-docs endpoint is enabled by default. To disable it in production, set the property 'springdoc.api-docs.enabled=false'
2026-01-29T20:04:38.542-03:00  WARN 34176 --- [ms-processor] [           main] o.s.core.events.SpringDocAppInitializer  : SpringDoc /swagger-ui.html endpoint is enabled by default. To disable it in production, set the property 'springdoc.swagger-ui.enabled=false'
2026-01-29T20:04:38.772-03:00  INFO 34176 --- [ms-processor] [ntainer#0-0-C-1] org.apache.kafka.clients.Metadata        : [Consumer clientId=consumer-processor-group-v7-1, groupId=processor-group-v7] Cluster ID: julius-kafka-cluster-001
2026-01-29T20:04:38.773-03:00  INFO 34176 --- [ms-processor] [ntainer#0-0-C-1] o.a.k.c.c.internals.ConsumerCoordinator  : [Consumer clientId=consumer-processor-group-v7-1, groupId=processor-group-v7] Discovered group coordinator host.docker.internal:9092 (id: 2147483646 rack: null isFenced: false)
2026-01-29T20:04:38.775-03:00  INFO 34176 --- [ms-processor] [ntainer#0-0-C-1] o.a.k.c.c.internals.ConsumerCoordinator  : [Consumer clientId=consumer-processor-group-v7-1, groupId=processor-group-v7] (Re-)joining group
2026-01-29T20:04:38.786-03:00  INFO 34176 --- [ms-processor] [ntainer#0-0-C-1] o.a.k.c.c.internals.ConsumerCoordinator  : [Consumer clientId=consumer-processor-group-v7-1, groupId=processor-group-v7] Request joining group due to: need to re-join with the given member-id: consumer-processor-group-v7-1-b0a15a72-9c55-48d9-aa5b-62ba5bc446fa
2026-01-29T20:04:38.786-03:00  INFO 34176 --- [ms-processor] [ntainer#0-0-C-1] o.a.k.c.c.internals.ConsumerCoordinator  : [Consumer clientId=consumer-processor-group-v7-1, groupId=processor-group-v7] (Re-)joining group
2026-01-29T20:04:38.790-03:00  INFO 34176 --- [ms-processor] [ntainer#0-0-C-1] o.a.k.c.c.internals.ConsumerCoordinator  : [Consumer clientId=consumer-processor-group-v7-1, groupId=processor-group-v7] Successfully joined group with generation Generation{generationId=35, memberId='consumer-processor-group-v7-1-b0a15a72-9c55-48d9-aa5b-62ba5bc446fa', protocol='range'}
2026-01-29T20:04:38.793-03:00  INFO 34176 --- [ms-processor] [ntainer#0-0-C-1] o.a.k.c.c.internals.ConsumerCoordinator  : [Consumer clientId=consumer-processor-group-v7-1, groupId=processor-group-v7] Finished assignment for group at generation 35: {consumer-processor-group-v7-1-b0a15a72-9c55-48d9-aa5b-62ba5bc446fa=Assignment(partitions=[transaction-events-0])}
2026-01-29T20:04:38.805-03:00  INFO 34176 --- [ms-processor] [ntainer#0-0-C-1] o.a.k.c.c.internals.ConsumerCoordinator  : [Consumer clientId=consumer-processor-group-v7-1, groupId=processor-group-v7] Successfully synced group in generation Generation{generationId=35, memberId='consumer-processor-group-v7-1-b0a15a72-9c55-48d9-aa5b-62ba5bc446fa', protocol='range'}
2026-01-29T20:04:38.805-03:00  INFO 34176 --- [ms-processor] [ntainer#0-0-C-1] o.a.k.c.c.internals.ConsumerCoordinator  : [Consumer clientId=consumer-processor-group-v7-1, groupId=processor-group-v7] Notifying assignor about the new Assignment(partitions=[transaction-events-0])
2026-01-29T20:04:38.807-03:00  INFO 34176 --- [ms-processor] [ntainer#0-0-C-1] k.c.c.i.ConsumerRebalanceListenerInvoker : [Consumer clientId=consumer-processor-group-v7-1, groupId=processor-group-v7] Adding newly assigned partitions: [transaction-events-0]
2026-01-29T20:04:38.816-03:00  INFO 34176 --- [ms-processor] [ntainer#0-0-C-1] o.a.k.c.c.internals.ConsumerUtils        : Setting offset for partition transaction-events-0 to the committed offset FetchPosition{offset=27, offsetEpoch=Optional.empty, currentLeader=LeaderAndEpoch{leader=Optional[host.docker.internal:9092 (id: 1 rack: null isFenced: false)], epoch=26}}
2026-01-29T20:04:38.818-03:00  INFO 34176 --- [ms-processor] [ntainer#0-0-C-1] o.s.k.l.KafkaMessageListenerContainer    : processor-group-v7: partitions assigned: [transaction-events-0]
2026-01-29T20:05:01.601-03:00  INFO 34176 --- [ms-processor] [nio-8080-exec-1] o.a.c.c.C.[Tomcat].[localhost].[/]       : Initializing Spring DispatcherServlet 'dispatcherServlet'
2026-01-29T20:05:01.601-03:00  INFO 34176 --- [ms-processor] [nio-8080-exec-1] o.s.web.servlet.DispatcherServlet        : Initializing Servlet 'dispatcherServlet'
2026-01-29T20:05:01.602-03:00  INFO 34176 --- [ms-processor] [nio-8080-exec-1] o.s.web.servlet.DispatcherServlet        : Completed initialization in 1 ms
2026-01-29T20:05:01.625-03:00  WARN 34176 --- [ms-processor] [nio-8080-exec-1] o.s.w.s.h.HandlerMappingIntrospector     : Cache miss for REQUEST dispatch to '/actuator/health' (previous null). Performing CorsConfiguration lookup. This is logged once only at WARN level, and every time at TRACE.
